<?xml version="1.0" encoding="UTF-8"?>
<!-- Generated by org.testng.reporters.JUnitReportReporter -->
<testsuite hostname="DESKTOP-KMLIREA" failures="0" tests="1" name="Day41_Pom.Test_login" time="2.286" errors="0" timestamp="2024-08-03T15:33:01 IST" skipped="0">
  <testcase classname="Day41_Pom.Test_login" name="testlogin" time="2.286"/>
  <system-out/>
</testsuite> <!-- Day41_Pom.Test_login -->
