<?xml version="1.0" encoding="UTF-8"?>
<!-- Generated by org.testng.reporters.JUnitReportReporter -->
<testsuite hostname="DESKTOP-KMLIREA" failures="0" tests="3" name="Day38_TestNg.FistTestCase" time="0.017" errors="0" timestamp="2024-07-31T17:06:16 IST" skipped="0">
  <testcase classname="Day38_TestNg.FistTestCase" name="OpenApp" time="0.004"/>
  <system-out/>
  <testcase classname="Day38_TestNg.FistTestCase" name="Login" time="0.003"/>
  <system-out/>
  <testcase classname="Day38_TestNg.FistTestCase" name="Logout" time="0.010"/>
  <system-out/>
</testsuite> <!-- Day38_TestNg.FistTestCase -->
