<?xml version="1.0" encoding="UTF-8"?>
<!-- Generated by org.testng.reporters.JUnitReportReporter -->
<testsuite hostname="DESKTOP-KMLIREA" failures="0" tests="1" name="Day40_Groups.PaymentTest" time="0.011" errors="0" timestamp="2024-08-02T16:39:46 IST" skipped="0">
  <testcase classname="Day40_Groups.PaymentTest" name="signupByemail" time="0.011"/>
  <system-out/>
</testsuite> <!-- Day40_Groups.PaymentTest -->
