<?xml version="1.0" encoding="UTF-8"?>
<!-- Generated by org.testng.reporters.JUnitReportReporter -->
<testsuite hostname="DESKTOP-KMLIREA" failures="0" tests="2" name="Day39_Anno.AnnotationDemo" time="0.018" errors="0" timestamp="2024-07-31T17:42:48 IST" skipped="0">
  <testcase classname="Day39_Anno.AnnotationDemo" name="search" time="0.013"/>
  <system-out/>
  <testcase classname="Day39_Anno.AnnotationDemo" name="Adsearch" time="0.005"/>
  <system-out/>
</testsuite> <!-- Day39_Anno.AnnotationDemo -->
