<?xml version="1.0" encoding="UTF-8"?>
<!-- Generated by org.testng.reporters.JUnitReportReporter -->
<testsuite hostname="DESKTOP-KMLIREA" failures="0" tests="4" name="Day38_TestNg.OrangeHRMLogin" time="11.519" errors="0" timestamp="2024-07-31T17:06:16 IST" skipped="0">
  <testcase classname="Day38_TestNg.OrangeHRMLogin" name="openApp" time="6.058"/>
  <system-out/>
  <testcase classname="Day38_TestNg.OrangeHRMLogin" name="testLogo" time="0.567"/>
  <system-out/>
  <testcase classname="Day38_TestNg.OrangeHRMLogin" name="testLogin" time="1.722"/>
  <system-out/>
  <testcase classname="Day38_TestNg.OrangeHRMLogin" name="closeApp" time="3.172"/>
  <system-out/>
</testsuite> <!-- Day38_TestNg.OrangeHRMLogin -->
